<?xml version="1.0" encoding="UTF-8"?>
<testsuite xmlns:xsi="http://www.w3.org/2001/XMLSchema-instance" xsi:noNamespaceSchemaLocation="https://maven.apache.org/surefire/maven-surefire-plugin/xsd/surefire-test-report.xsd" name="com.mycompany.app.AppTest" time="0.024" tests="5" errors="0" skipped="1" failures="0">
  <properties>
[...]
</properties>
  <testcase name="shouldAnswerWithTrue" classname="com.mycompany.app.AppTest" time="0.002"/>
  <testcase name="calculateLengthOfString" classname="com.mycompany.app.AppTest" time="0"/>
  <testcase name="addTest" classname="com.mycompany.app.AppTest" time="0"/>
  <testcase name="shouldBeNamedStrict" classname="com.mycompany.app.AppTest" time="0">
    <skipped/>
  </testcase>
  <testcase name="greater100Test" classname="com.mycompany.app.AppTest" time="0"/>
</testsuite>